[0817/222928.838:ERROR:process_info.cc(632)] range at 0x5fcd35e400000000, size 0x1e3 fully unreadable
[0817/222928.857:ERROR:process_info.cc(632)] range at 0x5fcd364800000000, size 0x1e3 fully unreadable
[0817/222928.857:ERROR:process_info.cc(632)] range at 0x0, size 0x1e3 fully unreadable
[0817/222954.498:ERROR:process_reader_win.cc(242)] ReadMemory at 0x7ff762d00000 of 64 bytes failed: Somente uma parte de um pedido ReadProcessMemory ou WriteProcessMemory foi concluída. (0x12B)
[0817/222954.642:WARNING:pe_image_reader.cc(281)] could not read dos header from C:\Program Files (x86)\Google\Chrome\Application\chrome.exe
[0817/222954.643:ERROR:process_reader_win.cc(242)] ReadMemory at 0x7ff8b9f00000 of 64 bytes failed: Somente uma parte de um pedido ReadProcessMemory ou WriteProcessMemory foi concluída. (0x12B)
[0817/222954.667:WARNING:pe_image_reader.cc(281)] could not read dos header from C:\WINDOWS\SYSTEM32\ntdll.dll
[0817/222954.667:ERROR:process_reader_win.cc(242)] ReadMemory at 0x7ff8b18f0000 of 64 bytes failed: Somente uma parte de um pedido ReadProcessMemory ou WriteProcessMemory foi concluída. (0x12B)
[0817/222954.667:WARNING:pe_image_reader.cc(281)] could not read dos header from C:\Program Files\AVAST Software\Avast\x64\aswhooka.dll
[0817/222954.667:ERROR:process_reader_win.cc(242)] ReadMemory at 0x7ff8b6e90000 of 64 bytes failed: Somente uma parte de um pedido ReadProcessMemory ou WriteProcessMemory foi concluída. (0x12B)
[0817/222954.667:WARNING:pe_image_reader.cc(281)] could not read dos header from C:\WINDOWS\System32\KERNELBASE.dll
[0817/222954.667:ERROR:process_reader_win.cc(242)] ReadMemory at 0x7ff8b8110000 of 64 bytes failed: Somente uma parte de um pedido ReadProcessMemory ou WriteProcessMemory foi concluída. (0x12B)
[0817/222954.667:WARNING:pe_image_reader.cc(281)] could not read dos header from C:\WINDOWS\System32\KERNEL32.dll
[0817/222954.667:ERROR:process_reader_win.cc(242)] ReadMemory at 0x7ff88c560000 of 64 bytes failed: Somente uma parte de um pedido ReadProcessMemory ou WriteProcessMemory foi concluída. (0x12B)
[0817/222954.667:WARNING:pe_image_reader.cc(281)] could not read dos header from C:\Program Files\AVAST Software\Avast\snxhk64.dll
[0817/222954.667:ERROR:process_reader_win.cc(242)] ReadMemory at 0x7ff8b4da0000 of 64 bytes failed: Somente uma parte de um pedido ReadProcessMemory ou WriteProcessMemory foi concluída. (0x12B)
[0817/222954.667:WARNING:pe_image_reader.cc(281)] could not read dos header from C:\WINDOWS\SYSTEM32\apphelp.dll
[0817/222954.667:ERROR:process_reader_win.cc(242)] ReadMemory at 0x7ff88c500000 of 64 bytes failed: Somente uma parte de um pedido ReadProcessMemory ou WriteProcessMemory foi concluída. (0x12B)
[0817/222954.667:WARNING:pe_image_reader.cc(281)] could not read dos header from C:\WINDOWS\AppPatch\AppPatch64\AcGenral.dll
[0817/222954.667:ERROR:process_reader_win.cc(242)] ReadMemory at 0x7ff8b9ce0000 of 64 bytes failed: Somente uma parte de um pedido ReadProcessMemory ou WriteProcessMemory foi concluída. (0x12B)
[0817/222954.667:WARNING:pe_image_reader.cc(281)] could not read dos header from C:\WINDOWS\System32\msvcrt.dll
[0817/222954.667:ERROR:process_reader_win.cc(242)] ReadMemory at 0x7ff8b9720000 of 64 bytes failed: Somente uma parte de um pedido ReadProcessMemory ou WriteProcessMemory foi concluída. (0x12B)
[0817/222954.667:WARNING:pe_image_reader.cc(281)] could not read dos header from C:\WINDOWS\System32\RPCRT4.dll
[0817/222954.667:ERROR:process_reader_win.cc(242)] ReadMemory at 0x7ff8b9850000 of 64 bytes failed: Somente uma parte de um pedido ReadProcessMemory ou WriteProcessMemory foi concluída. (0x12B)
[0817/222954.667:WARNING:pe_image_reader.cc(281)] could not read dos header from C:\WINDOWS\System32\sechost.dll
[0817/222954.667:ERROR:process_reader_win.cc(242)] ReadMemory at 0x7ff8b6270000 of 64 bytes failed: Somente uma parte de um pedido ReadProcessMemory ou WriteProcessMemory foi concluída. (0x12B)
[0817/222954.667:WARNING:pe_image_reader.cc(281)] could not read dos header from C:\WINDOWS\SYSTEM32\SspiCli.dll
[0817/222954.667:ERROR:process_reader_win.cc(242)] ReadMemory at 0x7ff8b6d90000 of 64 bytes failed: Somente uma parte de um pedido ReadProcessMemory ou WriteProcessMemory foi concluída. (0x12B)
[0817/222954.667:WARNING:pe_image_reader.cc(281)] could not read dos header from C:\WINDOWS\System32\ucrtbase.dll
[0817/222954.667:ERROR:process_reader_win.cc(242)] ReadMemory at 0x7ff8b72c0000 of 64 bytes failed: Somente uma parte de um pedido ReadProcessMemory ou WriteProcessMemory foi concluída. (0x12B)
[0817/222954.668:WARNING:pe_image_reader.cc(281)] could not read dos header from C:\WINDOWS\System32\bcryptPrimitives.dll
[0817/222954.668:ERROR:process_reader_win.cc(242)] ReadMemory at 0x7ff8b7a70000 of 64 bytes failed: Somente uma parte de um pedido ReadProcessMemory ou WriteProcessMemory foi concluída. (0x12B)
[0817/222954.668:WARNING:pe_image_reader.cc(281)] could not read dos header from C:\WINDOWS\System32\combase.dll
[0817/222954.668:ERROR:process_reader_win.cc(242)] ReadMemory at 0x7ff8b6cf0000 of 64 bytes failed: Somente uma parte de um pedido ReadProcessMemory ou WriteProcessMemory foi concluída. (0x12B)
[0817/222954.668:WARNING:pe_image_reader.cc(281)] could not read dos header from C:\WINDOWS\System32\msvcp_win.dll
[0817/222954.668:ERROR:process_reader_win.cc(242)] ReadMemory at 0x7ff8b7330000 of 64 bytes failed: Somente uma parte de um pedido ReadProcessMemory ou WriteProcessMemory foi concluída. (0x12B)
[0817/222954.668:WARNING:pe_image_reader.cc(281)] could not read dos header from C:\WINDOWS\System32\win32u.dll
[0817/222954.668:ERROR:process_reader_win.cc(242)] ReadMemory at 0x7ff8b7920000 of 64 bytes failed: Somente uma parte de um pedido ReadProcessMemory ou WriteProcessMemory foi concluída. (0x12B)
[0817/222954.668:WARNING:pe_image_reader.cc(281)] could not read dos header from C:\WINDOWS\System32\USER32.dll
[0817/222954.668:ERROR:process_reader_win.cc(242)] ReadMemory at 0x7ff8b7130000 of 64 bytes failed: Somente uma parte de um pedido ReadProcessMemory ou WriteProcessMemory foi concluída. (0x12B)
[0817/222954.668:WARNING:pe_image_reader.cc(281)] could not read dos header from C:\WINDOWS\System32\gdi32full.dll
[0817/222954.668:ERROR:process_reader_win.cc(242)] ReadMemory at 0x7ff8b9c10000 of 64 bytes failed: Somente uma parte de um pedido ReadProcessMemory ou WriteProcessMemory foi concluída. (0x12B)
[0817/222954.668:WARNING:pe_image_reader.cc(281)] could not read dos header from C:\WINDOWS\System32\GDI32.dll
[0817/222954.668:ERROR:process_reader_win.cc(242)] ReadMemory at 0x7ff8b8080000 of 64 bytes failed: Somente uma parte de um pedido ReadProcessMemory ou WriteProcessMemory foi concluída. (0x12B)
[0817/222954.668:WARNING:pe_image_reader.cc(281)] could not read dos header from C:\WINDOWS\System32\IMM32.DLL
[0817/222954.668:ERROR:process_reader_win.cc(242)] ReadMemory at 0x7ff8b7460000 of 64 bytes failed: Somente uma parte de um pedido ReadProcessMemory ou WriteProcessMemory foi concluída. (0x12B)
[0817/222954.668:WARNING:pe_image_reader.cc(281)] could not read dos header from C:\WINDOWS\System32\SHLWAPI.dll
[0817/222954.668:ERROR:process_reader_win.cc(242)] ReadMemory at 0x7ff8b9aa0000 of 64 bytes failed: Somente uma parte de um pedido ReadProcessMemory ou WriteProcessMemory foi concluída. (0x12B)
[0817/222954.668:WARNING:pe_image_reader.cc(281)] could not read dos header from C:\WINDOWS\System32\ole32.dll
[0817/222954.668:ERROR:process_reader_win.cc(242)] ReadMemory at 0x7ff8b70e0000 of 64 bytes failed: Somente uma parte de um pedido ReadProcessMemory ou WriteProcessMemory foi concluída. (0x12B)
[0817/222954.668:WARNING:pe_image_reader.cc(281)] could not read dos header from C:\WINDOWS\System32\cfgmgr32.dll
[0817/222954.668:ERROR:process_reader_win.cc(242)] ReadMemory at 0x7ff8b98b0000 of 64 bytes failed: Somente uma parte de um pedido ReadProcessMemory ou WriteProcessMemory foi concluída. (0x12B)
[0817/222954.668:WARNING:pe_image_reader.cc(281)] could not read dos header from C:\WINDOWS\System32\shcore.dll
[0817/222954.668:ERROR:process_reader_win.cc(242)] ReadMemory at 0x7ff8b9960000 of 64 bytes failed: Somente uma parte de um pedido ReadProcessMemory ou WriteProcessMemory foi concluída. (0x12B)
[0817/222954.668:WARNING:pe_image_reader.cc(281)] could not read dos header from C:\WINDOWS\System32\ADVAPI32.dll
[0817/222954.668:ERROR:process_reader_win.cc(242)] ReadMemory at 0x7ff8b63b0000 of 64 bytes failed: Somente uma parte de um pedido ReadProcessMemory ou WriteProcessMemory foi concluída. (0x12B)
[0817/222954.668:WARNING:pe_image_reader.cc(281)] could not read dos header from C:\WINDOWS\System32\kernel.appcore.dll
[0817/222954.668:ERROR:process_reader_win.cc(242)] ReadMemory at 0x7ff8b63d0000 of 64 bytes failed: Somente uma parte de um pedido ReadProcessMemory ou WriteProcessMemory foi concluída. (0x12B)
[0817/222954.668:WARNING:pe_image_reader.cc(281)] could not read dos header from C:\WINDOWS\System32\powrprof.dll
[0817/222954.668:ERROR:process_reader_win.cc(242)] ReadMemory at 0x7ff8b6370000 of 64 bytes failed: Somente uma parte de um pedido ReadProcessMemory ou WriteProcessMemory foi concluída. (0x12B)
[0817/222954.668:WARNING:pe_image_reader.cc(281)] could not read dos header from C:\WINDOWS\System32\profapi.dll
[0817/222954.668:ERROR:process_reader_win.cc(242)] ReadMemory at 0x7ff8b65f0000 of 64 bytes failed: Somente uma parte de um pedido ReadProcessMemory ou WriteProcessMemory foi concluída. (0x12B)
[0817/222954.668:WARNING:pe_image_reader.cc(281)] could not read dos header from C:\WINDOWS\System32\windows.storage.dll
[0817/222954.668:ERROR:process_reader_win.cc(242)] ReadMemory at 0x1e35fdd0000 of 64 bytes failed: Somente uma parte de um pedido ReadProcessMemory ou WriteProcessMemory foi concluída. (0x12B)
[0817/222954.668:WARNING:pe_image_reader.cc(281)] could not read dos header from C:\WINDOWS\System32\SHELL32.dll
[0817/222954.668:ERROR:process_reader_win.cc(242)] ReadMemory at 0x7ff8b62a0000 of 64 bytes failed: Somente uma parte de um pedido ReadProcessMemory ou WriteProcessMemory foi concluída. (0x12B)
[0817/222954.668:WARNING:pe_image_reader.cc(281)] could not read dos header from C:\WINDOWS\SYSTEM32\USERENV.dll
[0817/222954.668:ERROR:process_reader_win.cc(242)] ReadMemory at 0x7ff89f5a0000 of 64 bytes failed: Somente uma parte de um pedido ReadProcessMemory ou WriteProcessMemory foi concluída. (0x12B)
[0817/222954.668:WARNING:pe_image_reader.cc(281)] could not read dos header from C:\WINDOWS\SYSTEM32\MPR.dll
[0817/222954.668:ERROR:process_reader_win.cc(242)] ReadMemory at 0x7ff8ac6e0000 of 64 bytes failed: Somente uma parte de um pedido ReadProcessMemory ou WriteProcessMemory foi concluída. (0x12B)
[0817/222954.669:WARNING:pe_image_reader.cc(281)] could not read dos header from C:\WINDOWS\SYSTEM32\VERSION.dll
[0817/222954.669:ERROR:process_reader_win.cc(242)] ReadMemory at 0x7ff88c460000 of 64 bytes failed: Somente uma parte de um pedido ReadProcessMemory ou WriteProcessMemory foi concluída. (0x12B)
[0817/222954.669:WARNING:pe_image_reader.cc(281)] could not read dos header from C:\Program Files (x86)\Google\Chrome\Application\60.0.3112.101\chrome_elf.dll
[0817/222954.669:ERROR:process_reader_win.cc(242)] ReadMemory at 0x7ff8b74d0000 of 64 bytes failed: Somente uma parte de um pedido ReadProcessMemory ou WriteProcessMemory foi concluída. (0x12B)
[0817/222954.669:WARNING:pe_image_reader.cc(281)] could not read dos header from C:\WINDOWS\System32\PSAPI.DLL
[0817/222954.669:ERROR:process_reader_win.cc(242)] ReadMemory at 0x7ff8af350000 of 64 bytes failed: Somente uma parte de um pedido ReadProcessMemory ou WriteProcessMemory foi concluída. (0x12B)
[0817/222954.669:WARNING:pe_image_reader.cc(281)] could not read dos header from C:\WINDOWS\SYSTEM32\WINMMBASE.dll
[0817/222954.669:ERROR:process_reader_win.cc(242)] ReadMemory at 0x7ff8af380000 of 64 bytes failed: Somente uma parte de um pedido ReadProcessMemory ou WriteProcessMemory foi concluída. (0x12B)
[0817/222954.669:WARNING:pe_image_reader.cc(281)] could not read dos header from C:\WINDOWS\SYSTEM32\WINMM.dll
[0817/222954.669:ERROR:process_reader_win.cc(242)] ReadMemory at 0x7ff8ad3e0000 of 64 bytes failed: Somente uma parte de um pedido ReadProcessMemory ou WriteProcessMemory foi concluída. (0x12B)
[0817/222954.669:WARNING:pe_image_reader.cc(281)] could not read dos header from C:\WINDOWS\SYSTEM32\WINHTTP.dll
[0817/222954.669:ERROR:process_reader_win.cc(242)] ReadMemory at 0x7ff8b5e40000 of 64 bytes failed: Somente uma parte de um pedido ReadProcessMemory ou WriteProcessMemory foi concluída. (0x12B)
[0817/222954.669:WARNING:pe_image_reader.cc(281)] could not read dos header from C:\WINDOWS\SYSTEM32\CRYPTBASE.DLL
[0817/222954.669:ERROR:process_reader_win.cc(242)] ReadMemory at 0x7ff8b9600000 of 64 bytes failed: Somente uma parte de um pedido ReadProcessMemory ou WriteProcessMemory foi concluída. (0x12B)
[0817/222954.669:WARNING:pe_image_reader.cc(281)] could not read dos header from C:\WINDOWS\System32\OLEAUT32.dll
[0817/222954.669:ERROR:process_reader_win.cc(242)] ReadMemory at 0x7ff8a7120000 of 64 bytes failed: Somente uma parte de um pedido ReadProcessMemory ou WriteProcessMemory foi concluída. (0x12B)
[0817/222954.669:WARNING:pe_image_reader.cc(281)] could not read dos header from C:\WINDOWS\SYSTEM32\ninput.dll
[0817/222954.669:ERROR:process_reader_win.cc(242)] ReadMemory at 0x7ff8b9d80000 of 64 bytes failed: Somente uma parte de um pedido ReadProcessMemory ou WriteProcessMemory foi concluída. (0x12B)
[0817/222954.669:WARNING:pe_image_reader.cc(281)] could not read dos header from C:\WINDOWS\System32\WS2_32.dll
[0817/222954.669:ERROR:process_reader_win.cc(242)] ReadMemory at 0x7ff8aea90000 of 64 bytes failed: Somente uma parte de um pedido ReadProcessMemory ou WriteProcessMemory foi concluída. (0x12B)
[0817/222954.669:WARNING:pe_image_reader.cc(281)] could not read dos header from C:\WINDOWS\WinSxS\amd64_microsoft.windows.common-controls_6595b64144ccf1df_6.0.15063.483_none_26002d27e7c744a2\COMCTL32.dll
[0817/222954.669:ERROR:process_reader_win.cc(242)] ReadMemory at 0x7ff8b9df0000 of 64 bytes failed: Somente uma parte de um pedido ReadProcessMemory ou WriteProcessMemory foi concluída. (0x12B)
[0817/222954.669:WARNING:pe_image_reader.cc(281)] could not read dos header from C:\WINDOWS\System32\COMDLG32.dll
[0817/222954.669:ERROR:process_reader_win.cc(242)] ReadMemory at 0x7ff8aef70000 of 64 bytes failed: Somente uma parte de um pedido ReadProcessMemory ou WriteProcessMemory foi concluída. (0x12B)
[0817/222954.669:WARNING:pe_image_reader.cc(281)] could not read dos header from C:\WINDOWS\SYSTEM32\dbghelp.dll
[0817/222954.669:ERROR:process_reader_win.cc(242)] ReadMemory at 0x7ff89ec50000 of 64 bytes failed: Somente uma parte de um pedido ReadProcessMemory ou WriteProcessMemory foi concluída. (0x12B)
[0817/222954.669:WARNING:pe_image_reader.cc(281)] could not read dos header from C:\WINDOWS\SYSTEM32\USP10.dll
[0817/222954.669:ERROR:process_reader_win.cc(242)] ReadMemory at 0x7ff8b5f30000 of 64 bytes failed: Somente uma parte de um pedido ReadProcessMemory ou WriteProcessMemory foi concluída. (0x12B)
[0817/222954.669:WARNING:pe_image_reader.cc(281)] could not read dos header from C:\WINDOWS\SYSTEM32\bcrypt.dll
[0817/222954.669:ERROR:process_reader_win.cc(242)] ReadMemory at 0x7ff8ae9d0000 of 64 bytes failed: Somente uma parte de um pedido ReadProcessMemory ou WriteProcessMemory foi concluída. (0x12B)
[0817/222954.669:WARNING:pe_image_reader.cc(281)] could not read dos header from C:\WINDOWS\SYSTEM32\WINSPOOL.DRV
[0817/222954.669:ERROR:process_reader_win.cc(242)] ReadMemory at 0x7ff8a6a10000 of 64 bytes failed: Somente uma parte de um pedido ReadProcessMemory ou WriteProcessMemory foi concluída. (0x12B)
[0817/222954.669:WARNING:pe_image_reader.cc(281)] could not read dos header from C:\WINDOWS\SYSTEM32\DWrite.dll
[0817/222954.669:ERROR:process_reader_win.cc(242)] ReadMemory at 0x7ff8b6390000 of 64 bytes failed: Somente uma parte de um pedido ReadProcessMemory ou WriteProcessMemory foi concluída. (0x12B)
[0817/222954.669:WARNING:pe_image_reader.cc(281)] could not read dos header from C:\WINDOWS\System32\MSASN1.dll
[0817/222954.669:ERROR:process_reader_win.cc(242)] ReadMemory at 0x7ff8b6420000 of 64 bytes failed: Somente uma parte de um pedido ReadProcessMemory ou WriteProcessMemory foi concluída. (0x12B)
[0817/222954.669:WARNING:pe_image_reader.cc(281)] could not read dos header from C:\WINDOWS\System32\CRYPT32.dll
[0817/222954.669:ERROR:process_reader_win.cc(242)] ReadMemory at 0x7ff8b59c0000 of 64 bytes failed: Somente uma parte de um pedido ReadProcessMemory ou WriteProcessMemory foi concluída. (0x12B)
[0817/222954.669:WARNING:pe_image_reader.cc(281)] could not read dos header from C:\WINDOWS\SYSTEM32\IPHLPAPI.DLL
[0817/222954.669:ERROR:process_reader_win.cc(242)] ReadMemory at 0x7ff8b2c20000 of 64 bytes failed: Somente uma parte de um pedido ReadProcessMemory ou WriteProcessMemory foi concluída. (0x12B)
[0817/222954.669:WARNING:pe_image_reader.cc(281)] could not read dos header from C:\WINDOWS\SYSTEM32\Secur32.dll
[0817/222954.669:ERROR:process_reader_win.cc(242)] ReadMemory at 0x7ff8ab3b0000 of 64 bytes failed: Somente uma parte de um pedido ReadProcessMemory ou WriteProcessMemory foi concluída. (0x12B)
[0817/222954.669:WARNING:pe_image_reader.cc(281)] could not read dos header from C:\WINDOWS\SYSTEM32\iertutil.dll
[0817/222954.669:ERROR:process_reader_win.cc(242)] ReadMemory at 0x7ff8abef0000 of 64 bytes failed: Somente uma parte de um pedido ReadProcessMemory ou WriteProcessMemory foi concluída. (0x12B)
[0817/222954.669:WARNING:pe_image_reader.cc(281)] could not read dos header from C:\WINDOWS\SYSTEM32\urlmon.dll
[0817/222954.669:ERROR:process_reader_win.cc(242)] ReadMemory at 0x7ff8b7350000 of 64 bytes failed: Somente uma parte de um pedido ReadProcessMemory ou WriteProcessMemory foi concluída. (0x12B)
[0817/222954.669:WARNING:pe_image_reader.cc(281)] could not read dos header from C:\WINDOWS\System32\WINTRUST.dll
[0817/222954.669:ERROR:process_reader_win.cc(242)] ReadMemory at 0x7ff87b110000 of 64 bytes failed: Somente uma parte de um pedido ReadProcessMemory ou WriteProcessMemory foi concluída. (0x12B)
[0817/222954.670:WARNING:pe_image_reader.cc(281)] could not read dos header from C:\Program Files (x86)\Google\Chrome\Application\60.0.3112.101\chrome_child.dll
[0817/222954.670:ERROR:process_reader_win.cc(242)] ReadMemory at 0x7ff88c420000 of 64 bytes failed: Somente uma parte de um pedido ReadProcessMemory ou WriteProcessMemory foi concluída. (0x12B)
[0817/222954.670:WARNING:pe_image_reader.cc(281)] could not read dos header from C:\Program Files\AVAST Software\Avast\x64\aswJsFlt.dll
[0817/222954.714:ERROR:process_reader_win.cc(242)] ReadMemory at 0x85b07e9000 of 94208 bytes failed: Somente uma parte de um pedido ReadProcessMemory ou WriteProcessMemory foi concluída. (0x12B)
[0817/222954.714:ERROR:crash_report_exception_handler.cc(116)] WriteEverything failed
[0817/222954.716:ERROR:scoped_process_suspend.cc(39)] NtResumeProcess: Tentou-se acessar um processo de saída.  (0xc000010a)
